<?xml version="1.0" encoding="UTF-8"?>
<testng-results ignored="0" total="1" passed="1" failed="0" skipped="0">
  <reporter-output>
  </reporter-output>
  <suite started-at="2025-03-25T11:37:01 IST" name="Default suite" finished-at="2025-03-25T11:37:26 IST" duration-ms="25166">
    <groups>
    </groups>
    <test started-at="2025-03-25T11:37:01 IST" name="Default test" finished-at="2025-03-25T11:37:26 IST" duration-ms="25166">
      <class name="testpkg.testclass">
        <test-method is-config="true" signature="Setup()[pri:0, instance:testpkg.testclass@659499f1]" started-at="2025-03-25T11:37:01 IST" name="Setup" finished-at="2025-03-25T11:37:06 IST" duration-ms="4606" status="PASS">
          <reporter-output>
          </reporter-output>
        </test-method> <!-- Setup -->
        <test-method signature="verifylogin()[pri:0, instance:testpkg.testclass@659499f1]" started-at="2025-03-25T11:37:06 IST" name="verifylogin" finished-at="2025-03-25T11:37:26 IST" duration-ms="20520" status="PASS">
          <reporter-output>
          </reporter-output>
        </test-method> <!-- verifylogin -->
      </class> <!-- testpkg.testclass -->
    </test> <!-- Default test -->
  </suite> <!-- Default suite -->
</testng-results>
